# JRE version: OpenJDK Runtime Environment (24.0.2+12) (build 24.0.2+12-54)
# Java VM: OpenJDK 64-Bit Server VM (24.0.2+12-54, mixed mode, sharing, tiered, compressed oops, compressed class ptrs, g1 gc, windows-amd64)
GC Precious Log:
 CardTable entry size: 512
 Card Set container configuration: InlinePtr #cards 5 size 8 Array Of Cards #cards 10 size 36 Howl #buckets 4 coarsen threshold 1843 Howl Bitmap #cards 512 size 80 coarsen threshold 460 Card regions per heap region 1 cards per card region 2048
 CPUs: 8 total, 8 available
 Memory: 16335M
 Large Page Support: Disabled
 NUMA Support: Disabled
 Compressed Oops: Enabled (32-bit)
 Heap Region Size: 1M
 Heap Min Capacity: 8M
 Heap Initial Capacity: 256M
 Heap Max Capacity: 2G
 Pre-touch: Disabled
 Parallel Workers: 8
 Concurrent Workers: 2
 Concurrent Refinement Workers: 8
 Periodic GC: Disabled
Heap:
 garbage-first heap   total reserved 2097152K, committed 388096K, used 225804K [0x0000000080000000, 0x0000000100000000)
  region size 1024K, 5 young (5120K), 5 survivors (5120K)
 Metaspace       used 193074K, committed 195840K, reserved 1245184K
  class space    used 21220K, committed 22528K, reserved 1048576K
GC Heap History (20 events):
Event: 62.520 GC heap after
{Heap after GC invocations=62 (full 0):
 garbage-first heap   total reserved 2097152K, committed 309248K, used 185281K [0x0000000080000000, 0x0000000100000000)
  region size 1024K, 8 young (8192K), 8 survivors (8192K)
 Metaspace       used 172493K, committed 175232K, reserved 1245184K
  class space    used 18605K, committed 19904K, reserved 1048576K
}
Event: 64.978 GC heap before
{Heap before GC invocations=62 (full 0):
 garbage-first heap   total reserved 2097152K, committed 309248K, used 282561K [0x0000000080000000, 0x0000000100000000)
  region size 1024K, 104 young (106496K), 8 survivors (8192K)
 Metaspace       used 175018K, committed 177728K, reserved 1245184K
  class space    used 18870K, committed 20160K, reserved 1048576K
}
Event: 64.990 GC heap after
{Heap after GC invocations=63 (full 0):
 garbage-first heap   total reserved 2097152K, committed 309248K, used 187349K [0x0000000080000000, 0x0000000100000000)
  region size 1024K, 12 young (12288K), 12 survivors (12288K)
 Metaspace       used 175018K, committed 177728K, reserved 1245184K
  class space    used 18870K, committed 20160K, reserved 1048576K
}
Event: 65.848 GC heap before
{Heap before GC invocations=63 (full 0):
 garbage-first heap   total reserved 2097152K, committed 309248K, used 278485K [0x0000000080000000, 0x0000000100000000)
  region size 1024K, 102 young (104448K), 12 survivors (12288K)
 Metaspace       used 179465K, committed 182208K, reserved 1245184K
  class space    used 19374K, committed 20672K, reserved 1048576K
}
Event: 65.860 GC heap after
{Heap after GC invocations=64 (full 0):
 garbage-first heap   total reserved 2097152K, committed 309248K, used 199886K [0x0000000080000000, 0x0000000100000000)
  region size 1024K, 13 young (13312K), 13 survivors (13312K)
 Metaspace       used 179465K, committed 182208K, reserved 1245184K
  class space    used 19374K, committed 20672K, reserved 1048576K
}
Event: 66.493 GC heap before
{Heap before GC invocations=65 (full 0):
 garbage-first heap   total reserved 2097152K, committed 326656K, used 271566K [0x0000000080000000, 0x0000000100000000)
  region size 1024K, 89 young (91136K), 13 survivors (13312K)
 Metaspace       used 182119K, committed 184896K, reserved 1245184K
  class space    used 19699K, committed 20992K, reserved 1048576K
}
Event: 66.509 GC heap after
{Heap after GC invocations=66 (full 0):
 garbage-first heap   total reserved 2097152K, committed 326656K, used 204198K [0x0000000080000000, 0x0000000100000000)
  region size 1024K, 11 young (11264K), 11 survivors (11264K)
 Metaspace       used 182119K, committed 184896K, reserved 1245184K
  class space    used 19699K, committed 20992K, reserved 1048576K
}
Event: 67.028 GC heap before
{Heap before GC invocations=66 (full 0):
 garbage-first heap   total reserved 2097152K, committed 326656K, used 295334K [0x0000000080000000, 0x0000000100000000)
  region size 1024K, 101 young (103424K), 11 survivors (11264K)
 Metaspace       used 184763K, committed 187520K, reserved 1245184K
  class space    used 20138K, committed 21440K, reserved 1048576K
}
Event: 67.051 GC heap after
{Heap after GC invocations=67 (full 0):
 garbage-first heap   total reserved 2097152K, committed 326656K, used 211688K [0x0000000080000000, 0x0000000100000000)
  region size 1024K, 13 young (13312K), 13 survivors (13312K)
 Metaspace       used 184763K, committed 187520K, reserved 1245184K
  class space    used 20138K, committed 21440K, reserved 1048576K
}
Event: 67.439 GC heap before
{Heap before GC invocations=67 (full 0):
 garbage-first heap   total reserved 2097152K, committed 326656K, used 295656K [0x0000000080000000, 0x0000000100000000)
  region size 1024K, 95 young (97280K), 13 survivors (13312K)
 Metaspace       used 187562K, committed 190272K, reserved 1245184K
  class space    used 20565K, committed 21824K, reserved 1048576K
}
Event: 67.461 GC heap after
{Heap after GC invocations=68 (full 0):
 garbage-first heap   total reserved 2097152K, committed 326656K, used 224840K [0x0000000080000000, 0x0000000100000000)
  region size 1024K, 12 young (12288K), 12 survivors (12288K)
 Metaspace       used 187562K, committed 190272K, reserved 1245184K
  class space    used 20565K, committed 21824K, reserved 1048576K
}
Event: 68.222 GC heap before
{Heap before GC invocations=69 (full 0):
 garbage-first heap   total reserved 2097152K, committed 375808K, used 293448K [0x0000000080000000, 0x0000000100000000)
  region size 1024K, 80 young (81920K), 12 survivors (12288K)
 Metaspace       used 190182K, committed 192960K, reserved 1245184K
  class space    used 20873K, committed 22144K, reserved 1048576K
}
Event: 68.236 GC heap after
{Heap after GC invocations=70 (full 0):
 garbage-first heap   total reserved 2097152K, committed 375808K, used 225570K [0x0000000080000000, 0x0000000100000000)
  region size 1024K, 2 young (2048K), 2 survivors (2048K)
 Metaspace       used 190182K, committed 192960K, reserved 1245184K
  class space    used 20873K, committed 22144K, reserved 1048576K
}
Event: 69.013 GC heap before
{Heap before GC invocations=70 (full 0):
 garbage-first heap   total reserved 2097152K, committed 375808K, used 344354K [0x0000000080000000, 0x0000000100000000)
  region size 1024K, 119 young (121856K), 2 survivors (2048K)
 Metaspace       used 192348K, committed 195136K, reserved 1245184K
  class space    used 21165K, committed 22464K, reserved 1048576K
}
Event: 69.022 GC heap after
{Heap after GC invocations=71 (full 0):
 garbage-first heap   total reserved 2097152K, committed 375808K, used 226803K [0x0000000080000000, 0x0000000100000000)
  region size 1024K, 6 young (6144K), 6 survivors (6144K)
 Metaspace       used 192348K, committed 195136K, reserved 1245184K
  class space    used 21165K, committed 22464K, reserved 1048576K
}
Event: 69.334 GC heap before
{Heap before GC invocations=71 (full 0):
 garbage-first heap   total reserved 2097152K, committed 375808K, used 342515K [0x0000000080000000, 0x0000000100000000)
  region size 1024K, 119 young (121856K), 6 survivors (6144K)
 Metaspace       used 192676K, committed 195456K, reserved 1245184K
  class space    used 21200K, committed 22464K, reserved 1048576K
}
Event: 69.345 GC heap after
{Heap after GC invocations=72 (full 0):
 garbage-first heap   total reserved 2097152K, committed 375808K, used 232133K [0x0000000080000000, 0x0000000100000000)
  region size 1024K, 11 young (11264K), 11 survivors (11264K)
 Metaspace       used 192676K, committed 195456K, reserved 1245184K
  class space    used 21200K, committed 22464K, reserved 1048576K
}
Event: 69.833 GC heap before
{Heap before GC invocations=73 (full 0):
 garbage-first heap   total reserved 2097152K, committed 388096K, used 342725K [0x0000000080000000, 0x0000000100000000)
  region size 1024K, 120 young (122880K), 11 survivors (11264K)
 Metaspace       used 192869K, committed 195584K, reserved 1245184K
  class space    used 21199K, committed 22464K, reserved 1048576K
}
Event: 69.850 GC heap after
{Heap after GC invocations=74 (full 0):
 garbage-first heap   total reserved 2097152K, committed 388096K, used 230906K [0x0000000080000000, 0x0000000100000000)
  region size 1024K, 5 young (5120K), 5 survivors (5120K)
 Metaspace       used 192869K, committed 195584K, reserved 1245184K
  class space    used 21199K, committed 22464K, reserved 1048576K
}
Event: 70.282 GC heap before
{Heap before GC invocations=74 (full 0):
 garbage-first heap   total reserved 2097152K, committed 388096K, used 358906K [0x0000000080000000, 0x0000000100000000)
  region size 1024K, 130 young (133120K), 5 survivors (5120K)
 Metaspace       used 193074K, committed 195840K, reserved 1245184K
  class space    used 21220K, committed 22528K, reserved 1048576K
}

